## Results - October
### 20_NEWS_ONLY + BOW ONLY

#### Keras FCNN Model
Keras FCNN Training Accuracy: 0.9886865615844727

Keras FCNN Training Loss: 0.3328973352909088

The accuracy of kerasFcnnModelwas:  0.7786776420605417

The precision of kerasFcnnModelwas:  [0.75238095 0.69323671 0.68382353 0.62631579 0.68275862 0.80825959
 0.81944444 0.92771084 0.8012959  0.83678161 0.93963255 0.92592593
 0.64222222 0.79840849 0.91256831 0.82367758 0.67640919 0.96463023
 0.72844828 0.58214286]

The recall of kerasFcnnModelwas:  [0.74294671 0.7377892  0.70812183 0.60714286 0.77142857 0.69367089
 0.75641026 0.77777778 0.9321608  0.91687657 0.89724311 0.88383838
 0.73536896 0.76010101 0.84771574 0.82160804 0.89010989 0.79787234
 0.54516129 0.64940239]

The f1 score of kerasFcnnModelwas:  [0.74763407 0.71481943 0.6957606  0.61658031 0.72439024 0.74659401
 0.78666667 0.84615385 0.86178862 0.875      0.91794872 0.90439276
 0.6856465  0.77878396 0.87894737 0.82264151 0.76868327 0.87336245
 0.62361624 0.61393597]

### RIPPER Model
TBD

### Naive Bayes Model
The accuracy of naiveBayesModelwas:  0.7886351566648965

The precision of naiveBayesModelwas:  [0.73623188 0.55714286 0.25       0.52097902 0.72444444 0.76092545
 0.81141439 0.84433962 0.88111888 0.9273183  0.96212121 0.9025641
 0.76422764 0.91404011 0.87       0.87439614 0.73893805 0.96696697
 0.73387097 0.66990291]

The recall of naiveBayesModelwas:  [0.79623824 0.80205656 0.00253807 0.76020408 0.84675325 0.74936709
 0.83846154 0.9040404  0.94974874 0.93198992 0.95488722 0.88888889
 0.71755725 0.80555556 0.88324873 0.90954774 0.91758242 0.85638298
 0.58709677 0.5498008 ]

The f1 score of naiveBayesModelwas:  [0.76506024 0.65753425 0.00502513 0.61825726 0.78083832 0.75510204
 0.82471627 0.87317073 0.91414752 0.92964824 0.95849057 0.8956743
 0.74015748 0.85637584 0.87657431 0.89162562 0.81862745 0.90832158
 0.65232975 0.60393873]